2017-05-16 09:21:20,440 - Velocimacro : messages on  : VM system will output logging messages
2017-05-16 09:21:20,440 - Velocimacro : autoload off  : VM system will not automatically reload global library macros
2017-05-16 09:21:20,440 - Velocimacro : initialization complete.
2017-05-16 09:21:20,440 - Velocity successfully started.
2017-05-16 09:22:43,384 - SimpleLog4JLogSystem initialized using logfile 'velocity.log'
2017-05-16 09:22:43,384 - ************************************************************** 
2017-05-16 09:22:43,384 - Starting Jakarta Velocity v1.4
2017-05-16 09:22:43,384 - RuntimeInstance initializing.
2017-05-16 09:22:43,384 - Default Properties File: org\apache\velocity\runtime\defaults\velocity.properties
2017-05-16 09:22:43,384 - Trying to use logger class org.apache.velocity.runtime.log.SimpleLog4JLogSystem
2017-05-16 09:22:43,384 - Using logger class org.apache.velocity.runtime.log.SimpleLog4JLogSystem
2017-05-16 09:22:43,389 - Default ResourceManager initializing. (class org.apache.velocity.runtime.resource.ResourceManagerImpl)
2017-05-16 09:22:43,393 - Resource Loader Instantiated: org.apache.velocity.runtime.resource.loader.ClasspathResourceLoader
2017-05-16 09:22:43,393 - ClasspathResourceLoader : initialization starting.
2017-05-16 09:22:43,393 - ClasspathResourceLoader : initialization complete.
2017-05-16 09:22:43,396 - ResourceCache : initialized. (class org.apache.velocity.runtime.resource.ResourceCacheImpl)
2017-05-16 09:22:43,396 - Default ResourceManager initialization complete.
2017-05-16 09:22:43,400 - Loaded System Directive: org.apache.velocity.runtime.directive.Literal
2017-05-16 09:22:43,402 - Loaded System Directive: org.apache.velocity.runtime.directive.Macro
2017-05-16 09:22:43,406 - Loaded System Directive: org.apache.velocity.runtime.directive.Parse
2017-05-16 09:22:43,409 - Loaded System Directive: org.apache.velocity.runtime.directive.Include
2017-05-16 09:22:43,410 - Loaded System Directive: org.apache.velocity.runtime.directive.Foreach
2017-05-16 09:22:43,438 - Created: 20 parsers.
2017-05-16 09:22:43,450 - Velocimacro : initialization starting.
2017-05-16 09:22:43,450 - Velocimacro : adding VMs from VM library template : VM_global_library.vm
2017-05-16 09:22:43,463 - ResourceManager : unable to find resource 'VM_global_library.vm' in any resource loader.
2017-05-16 09:22:43,463 - Velocimacro : error using  VM library template VM_global_library.vm : org.apache.velocity.exception.ResourceNotFoundException: Unable to find resource 'VM_global_library.vm'
2017-05-16 09:22:43,463 - Velocimacro :  VM library template macro registration complete.
2017-05-16 09:22:43,463 - Velocimacro : allowInline = true : VMs can be defined inline in templates
2017-05-16 09:22:43,463 - Velocimacro : allowInlineToOverride = false : VMs defined inline may NOT replace previous VM definitions
2017-05-16 09:22:43,463 - Velocimacro : allowInlineLocal = false : VMs defined inline will be  global in scope if allowed.
2017-05-16 09:22:43,463 - Velocimacro : messages on  : VM system will output logging messages
2017-05-16 09:22:43,463 - Velocimacro : autoload off  : VM system will not automatically reload global library macros
2017-05-16 09:22:43,463 - Velocimacro : initialization complete.
2017-05-16 09:22:43,463 - Velocity successfully started.
2017-05-16 09:57:02,558 - SimpleLog4JLogSystem initialized using logfile 'velocity.log'
2017-05-16 09:57:02,559 - ************************************************************** 
2017-05-16 09:57:02,559 - Starting Jakarta Velocity v1.4
2017-05-16 09:57:02,559 - RuntimeInstance initializing.
2017-05-16 09:57:02,559 - Default Properties File: org\apache\velocity\runtime\defaults\velocity.properties
2017-05-16 09:57:02,559 - Trying to use logger class org.apache.velocity.runtime.log.SimpleLog4JLogSystem
2017-05-16 09:57:02,559 - Using logger class org.apache.velocity.runtime.log.SimpleLog4JLogSystem
2017-05-16 09:57:02,563 - Default ResourceManager initializing. (class org.apache.velocity.runtime.resource.ResourceManagerImpl)
2017-05-16 09:57:02,567 - Resource Loader Instantiated: org.apache.velocity.runtime.resource.loader.ClasspathResourceLoader
2017-05-16 09:57:02,567 - ClasspathResourceLoader : initialization starting.
2017-05-16 09:57:02,567 - ClasspathResourceLoader : initialization complete.
2017-05-16 09:57:02,570 - ResourceCache : initialized. (class org.apache.velocity.runtime.resource.ResourceCacheImpl)
2017-05-16 09:57:02,570 - Default ResourceManager initialization complete.
2017-05-16 09:57:02,574 - Loaded System Directive: org.apache.velocity.runtime.directive.Literal
2017-05-16 09:57:02,577 - Loaded System Directive: org.apache.velocity.runtime.directive.Macro
2017-05-16 09:57:02,581 - Loaded System Directive: org.apache.velocity.runtime.directive.Parse
2017-05-16 09:57:02,583 - Loaded System Directive: org.apache.velocity.runtime.directive.Include
2017-05-16 09:57:02,585 - Loaded System Directive: org.apache.velocity.runtime.directive.Foreach
2017-05-16 09:57:02,613 - Created: 20 parsers.
2017-05-16 09:57:02,626 - Velocimacro : initialization starting.
2017-05-16 09:57:02,626 - Velocimacro : adding VMs from VM library template : VM_global_library.vm
2017-05-16 09:57:02,639 - ResourceManager : unable to find resource 'VM_global_library.vm' in any resource loader.
2017-05-16 09:57:02,639 - Velocimacro : error using  VM library template VM_global_library.vm : org.apache.velocity.exception.ResourceNotFoundException: Unable to find resource 'VM_global_library.vm'
2017-05-16 09:57:02,639 - Velocimacro :  VM library template macro registration complete.
2017-05-16 09:57:02,639 - Velocimacro : allowInline = true : VMs can be defined inline in templates
2017-05-16 09:57:02,639 - Velocimacro : allowInlineToOverride = false : VMs defined inline may NOT replace previous VM definitions
2017-05-16 09:57:02,639 - Velocimacro : allowInlineLocal = false : VMs defined inline will be  global in scope if allowed.
2017-05-16 09:57:02,639 - Velocimacro : messages on  : VM system will output logging messages
2017-05-16 09:57:02,639 - Velocimacro : autoload off  : VM system will not automatically reload global library macros
2017-05-16 09:57:02,639 - Velocimacro : initialization complete.
2017-05-16 09:57:02,639 - Velocity successfully started.
2017-05-16 10:27:17,067 - SimpleLog4JLogSystem initialized using logfile 'velocity.log'
2017-05-16 10:27:17,067 - ************************************************************** 
2017-05-16 10:27:17,067 - Starting Jakarta Velocity v1.4
2017-05-16 10:27:17,067 - RuntimeInstance initializing.
2017-05-16 10:27:17,067 - Default Properties File: org\apache\velocity\runtime\defaults\velocity.properties
2017-05-16 10:27:17,067 - Trying to use logger class org.apache.velocity.runtime.log.SimpleLog4JLogSystem
2017-05-16 10:27:17,067 - Using logger class org.apache.velocity.runtime.log.SimpleLog4JLogSystem
2017-05-16 10:27:17,071 - Default ResourceManager initializing. (class org.apache.velocity.runtime.resource.ResourceManagerImpl)
2017-05-16 10:27:17,075 - Resource Loader Instantiated: org.apache.velocity.runtime.resource.loader.ClasspathResourceLoader
2017-05-16 10:27:17,076 - ClasspathResourceLoader : initialization starting.
2017-05-16 10:27:17,076 - ClasspathResourceLoader : initialization complete.
2017-05-16 10:27:17,078 - ResourceCache : initialized. (class org.apache.velocity.runtime.resource.ResourceCacheImpl)
2017-05-16 10:27:17,078 - Default ResourceManager initialization complete.
2017-05-16 10:27:17,082 - Loaded System Directive: org.apache.velocity.runtime.directive.Literal
2017-05-16 10:27:17,085 - Loaded System Directive: org.apache.velocity.runtime.directive.Macro
2017-05-16 10:27:17,089 - Loaded System Directive: org.apache.velocity.runtime.directive.Parse
2017-05-16 10:27:17,092 - Loaded System Directive: org.apache.velocity.runtime.directive.Include
2017-05-16 10:27:17,093 - Loaded System Directive: org.apache.velocity.runtime.directive.Foreach
2017-05-16 10:27:17,124 - Created: 20 parsers.
2017-05-16 10:27:17,138 - Velocimacro : initialization starting.
2017-05-16 10:27:17,138 - Velocimacro : adding VMs from VM library template : VM_global_library.vm
2017-05-16 10:27:17,151 - ResourceManager : unable to find resource 'VM_global_library.vm' in any resource loader.
2017-05-16 10:27:17,151 - Velocimacro : error using  VM library template VM_global_library.vm : org.apache.velocity.exception.ResourceNotFoundException: Unable to find resource 'VM_global_library.vm'
2017-05-16 10:27:17,151 - Velocimacro :  VM library template macro registration complete.
2017-05-16 10:27:17,151 - Velocimacro : allowInline = true : VMs can be defined inline in templates
2017-05-16 10:27:17,151 - Velocimacro : allowInlineToOverride = false : VMs defined inline may NOT replace previous VM definitions
2017-05-16 10:27:17,151 - Velocimacro : allowInlineLocal = false : VMs defined inline will be  global in scope if allowed.
2017-05-16 10:27:17,151 - Velocimacro : messages on  : VM system will output logging messages
2017-05-16 10:27:17,151 - Velocimacro : autoload off  : VM system will not automatically reload global library macros
2017-05-16 10:27:17,151 - Velocimacro : initialization complete.
2017-05-16 10:27:17,151 - Velocity successfully started.
2017-05-16 11:17:03,302 - SimpleLog4JLogSystem initialized using logfile 'velocity.log'
2017-05-16 11:17:03,302 - ************************************************************** 
2017-05-16 11:17:03,302 - Starting Jakarta Velocity v1.4
2017-05-16 11:17:03,302 - RuntimeInstance initializing.
2017-05-16 11:17:03,302 - Default Properties File: org\apache\velocity\runtime\defaults\velocity.properties
2017-05-16 11:17:03,302 - Trying to use logger class org.apache.velocity.runtime.log.SimpleLog4JLogSystem
2017-05-16 11:17:03,302 - Using logger class org.apache.velocity.runtime.log.SimpleLog4JLogSystem
2017-05-16 11:17:03,304 - Default ResourceManager initializing. (class org.apache.velocity.runtime.resource.ResourceManagerImpl)
2017-05-16 11:17:03,306 - Resource Loader Instantiated: org.apache.velocity.runtime.resource.loader.ClasspathResourceLoader
2017-05-16 11:17:03,306 - ClasspathResourceLoader : initialization starting.
2017-05-16 11:17:03,306 - ClasspathResourceLoader : initialization complete.
2017-05-16 11:17:03,307 - ResourceCache : initialized. (class org.apache.velocity.runtime.resource.ResourceCacheImpl)
2017-05-16 11:17:03,307 - Default ResourceManager initialization complete.
2017-05-16 11:17:03,310 - Loaded System Directive: org.apache.velocity.runtime.directive.Literal
2017-05-16 11:17:03,312 - Loaded System Directive: org.apache.velocity.runtime.directive.Macro
2017-05-16 11:17:03,313 - Loaded System Directive: org.apache.velocity.runtime.directive.Parse
2017-05-16 11:17:03,315 - Loaded System Directive: org.apache.velocity.runtime.directive.Include
2017-05-16 11:17:03,315 - Loaded System Directive: org.apache.velocity.runtime.directive.Foreach
2017-05-16 11:17:03,333 - Created: 20 parsers.
2017-05-16 11:17:03,338 - Velocimacro : initialization starting.
2017-05-16 11:17:03,338 - Velocimacro : adding VMs from VM library template : VM_global_library.vm
2017-05-16 11:17:03,346 - ResourceManager : unable to find resource 'VM_global_library.vm' in any resource loader.
2017-05-16 11:17:03,347 - Velocimacro : error using  VM library template VM_global_library.vm : org.apache.velocity.exception.ResourceNotFoundException: Unable to find resource 'VM_global_library.vm'
2017-05-16 11:17:03,347 - Velocimacro :  VM library template macro registration complete.
2017-05-16 11:17:03,347 - Velocimacro : allowInline = true : VMs can be defined inline in templates
2017-05-16 11:17:03,347 - Velocimacro : allowInlineToOverride = false : VMs defined inline may NOT replace previous VM definitions
2017-05-16 11:17:03,347 - Velocimacro : allowInlineLocal = false : VMs defined inline will be  global in scope if allowed.
2017-05-16 11:17:03,347 - Velocimacro : messages on  : VM system will output logging messages
2017-05-16 11:17:03,347 - Velocimacro : autoload off  : VM system will not automatically reload global library macros
2017-05-16 11:17:03,347 - Velocimacro : initialization complete.
2017-05-16 11:17:03,347 - Velocity successfully started.
